生成启动时间为 2015/12/3 15:13:40。
     1>项目“F:\armadillo-5.400.2\examples\example1_win64.vcxproj”在节点 2 上(Build 个目标)。
     1>ClCompile:
         D:\Visual Studio 2013\VC\bin\x86_amd64\CL.exe /c /I..\include /ZI /nologo /W1 /WX- /Od /D ARMA_USE_LAPACK /D ARMA_USE_BLAS /Gm- /EHsc /MD /GS /fp:precise /Zc:wchar_t /Zc:forScope /Fo"x64\Debug\\" /Fd"x64\Debug\vc120.pdb" /Gd /TP /errorReport:prompt basis.cpp
     1>cl : 命令行 warning D9038: 此平台上不支持 /ZI；请启用 /Zi
         basis.cpp
       Link:
         D:\Visual Studio 2013\VC\bin\x86_amd64\link.exe /ERRORREPORT:PROMPT /OUT:"F:\armadillo-5.400.2\examples\x64\Debug\example1_win64.exe" /NOLOGO /LIBPATH:lib_win64 lapack_win64_MT.lib blas_win64_MT.lib kernel32.lib user32.lib gdi32.lib winspool.lib comdlg32.lib advapi32.lib shell32.lib ole32.lib oleaut32.lib uuid.lib odbc32.lib odbccp32.lib /MANIFEST /MANIFESTUAC:"level='asInvoker' uiAccess='false'" /manifest:embed /DEBUG /PDB:"F:\armadillo-5.400.2\examples\x64\Debug\example1_win64.pdb" /TLBID:1 /DYNAMICBASE /NXCOMPAT /IMPLIB:"F:\armadillo-5.400.2\examples\x64\Debug\example1_win64.lib" /MACHINE:X64 x64\Debug\basis.obj
         x64\Debug\main.obj
         example1_win64.vcxproj -> F:\armadillo-5.400.2\examples\x64\Debug\example1_win64.exe
       PostBuildEvent:
         copy lib_win64\*.dll F:\armadillo-5.400.2\examples\x64\Debug\
         :VCEnd
         lib_win64\armadillo.dll
         lib_win64\blas_win64_MT.dll
         lib_win64\lapack_win64_MT.dll
         已复制         3 个文件。
     1>已完成生成项目“F:\armadillo-5.400.2\examples\example1_win64.vcxproj”(Build 个目标)的操作。

生成成功。

已用时间 00:00:01.42
